<?xml version="1.0" encoding="UTF-8"?>
<!-- Generated by org.testng.reporters.JUnitXMLReporter -->
<testsuite ignored="0" hostname="LAPTOP-7K4GQ1PB" failures="0" tests="2" name="Test" time="0.082" errors="0" timestamp="2021-10-10T00:28:27 IST">
  <testcase classname="E2E.framework.Login" name="@BeforeMethod driverinit" time="0.002">
    <failure type="java.lang.NullPointerException" message="Cannot invoke &amp;quot;String.equals(Object)&amp;quot; because &amp;quot;browsername&amp;quot; is null">
      <![CDATA[java.lang.NullPointerException: Cannot invoke "String.equals(Object)" because "browsername" is null
at resources.Base.driverIntializer(Base.java:32)
at E2E.framework.Login.driverinit(Login.java:31)
at java.base/java.util.ArrayList.forEach(ArrayList.java:1511)
at java.base/java.util.concurrent.FutureTask.run(FutureTask.java:264)
at java.base/java.util.concurrent.ThreadPoolExecutor.runWorker(ThreadPoolExecutor.java:1130)
at java.base/java.util.concurrent.ThreadPoolExecutor$Worker.run(ThreadPoolExecutor.java:630)
at java.base/java.lang.Thread.run(Thread.java:831)
... Removed 22 stack frames]]>
    </failure>
  </testcase> <!-- @BeforeMethod driverinit -->
  <testcase classname="E2E.framework.Login" name="@AfterMethod close" time="-1.633805907392E9">
    <skipped/>
  </testcase> <!-- @AfterMethod close -->
  <testcase classname="E2E.framework.Login" name="@BeforeMethod driverinit" time="-1.633805907406E9">
    <skipped/>
  </testcase> <!-- @BeforeMethod driverinit -->
  <testcase classname="E2E.framework.Login" name="@AfterMethod close" time="-1.633805907412E9">
    <skipped/>
  </testcase> <!-- @AfterMethod close -->
  <testcase classname="E2E.framework.Login" name="test1" time="0.0">
    <skipped/>
  </testcase> <!-- test1 -->
  <testcase classname="E2E.framework.Login" name="test1" time="0.0">
    <skipped/>
  </testcase> <!-- test1 -->
</testsuite> <!-- Test -->
